<?xml version="1.0" encoding="UTF-8"?>
<!-- Generated by org.testng.reporters.JUnitXMLReporter -->
<testsuite ignored="0" hostname="luutienngoc" failures="1" tests="10" name="Command line test" time="16.408" errors="0" timestamp="2022-07-10T10:24:16 ICT">
  <testcase classname="com.example.demo3.TestAPI.SignUp.Signup" name="testAll" time="2.844">
    <failure type="java.lang.AssertionError" message="expected [true] but found [false]">
      <![CDATA[java.lang.AssertionError: expected [true] but found [false]
at com.example.demo/com.example.demo3.TestAPI.SignUp.Signup.testAll(Signup.java:53)
at java.base/java.util.ArrayList.forEach(ArrayList.java:1511)
at com.example.demo/com.example.demo3.Controller.Controller.SelectAll(Controller.java:1392)
at javafx.fxml@18/com.sun.javafx.fxml.MethodHelper.invoke(MethodHelper.java:84)
at javafx.fxml@18/javafx.fxml.FXMLLoader$MethodHandler.invoke(FXMLLoader.java:1852)
at javafx.fxml@18/javafx.fxml.FXMLLoader$ControllerMethodEventHandler.handle(FXMLLoader.java:1724)
at javafx.base@18/com.sun.javafx.event.CompositeEventHandler.dispatchBubblingEvent(CompositeEventHandler.java:86)
at javafx.base@18/com.sun.javafx.event.EventHandlerManager.dispatchBubblingEvent(EventHandlerManager.java:234)
at javafx.base@18/com.sun.javafx.event.EventHandlerManager.dispatchBubblingEvent(EventHandlerManager.java:191)
at javafx.base@18/com.sun.javafx.event.CompositeEventDispatcher.dispatchBubblingEvent(CompositeEventDispatcher.java:59)
at javafx.base@18/com.sun.javafx.event.BasicEventDispatcher.dispatchEvent(BasicEventDispatcher.java:58)
at javafx.base@18/com.sun.javafx.event.EventDispatchChainImpl.dispatchEvent(EventDispatchChainImpl.java:114)
at javafx.base@18/com.sun.javafx.event.BasicEventDispatcher.dispatchEvent(BasicEventDispatcher.java:56)
at javafx.base@18/com.sun.javafx.event.EventDispatchChainImpl.dispatchEvent(EventDispatchChainImpl.java:114)
at javafx.base@18/com.sun.javafx.event.BasicEventDispatcher.dispatchEvent(BasicEventDispatcher.java:56)
at javafx.base@18/com.sun.javafx.event.EventDispatchChainImpl.dispatchEvent(EventDispatchChainImpl.java:114)
at javafx.base@18/com.sun.javafx.event.EventUtil.fireEventImpl(EventUtil.java:74)
at javafx.base@18/com.sun.javafx.event.EventUtil.fireEvent(EventUtil.java:49)
at javafx.base@18/javafx.event.Event.fireEvent(Event.java:198)
at javafx.graphics@18/javafx.scene.Node.fireEvent(Node.java:8797)
at javafx.controls@18/javafx.scene.control.Button.fire(Button.java:203)
at javafx.controls@18/com.sun.javafx.scene.control.behavior.ButtonBehavior.mouseReleased(ButtonBehavior.java:208)
at javafx.controls@18/com.sun.javafx.scene.control.inputmap.InputMap.handle(InputMap.java:274)
at javafx.base@18/com.sun.javafx.event.CompositeEventHandler$NormalEventHandlerRecord.handleBubblingEvent(CompositeEventHandler.java:247)
at javafx.base@18/com.sun.javafx.event.CompositeEventHandler.dispatchBubblingEvent(CompositeEventHandler.java:80)
at javafx.base@18/com.sun.javafx.event.EventHandlerManager.dispatchBubblingEvent(EventHandlerManager.java:234)
at javafx.base@18/com.sun.javafx.event.EventHandlerManager.dispatchBubblingEvent(EventHandlerManager.java:191)
at javafx.base@18/com.sun.javafx.event.CompositeEventDispatcher.dispatchBubblingEvent(CompositeEventDispatcher.java:59)
at javafx.base@18/com.sun.javafx.event.BasicEventDispatcher.dispatchEvent(BasicEventDispatcher.java:58)
at javafx.base@18/com.sun.javafx.event.EventDispatchChainImpl.dispatchEvent(EventDispatchChainImpl.java:114)
at javafx.base@18/com.sun.javafx.event.BasicEventDispatcher.dispatchEvent(BasicEventDispatcher.java:56)
at javafx.base@18/com.sun.javafx.event.EventDispatchChainImpl.dispatchEvent(EventDispatchChainImpl.java:114)
at javafx.base@18/com.sun.javafx.event.BasicEventDispatcher.dispatchEvent(BasicEventDispatcher.java:56)
at javafx.base@18/com.sun.javafx.event.EventDispatchChainImpl.dispatchEvent(EventDispatchChainImpl.java:114)
at javafx.base@18/com.sun.javafx.event.EventUtil.fireEventImpl(EventUtil.java:74)
at javafx.base@18/com.sun.javafx.event.EventUtil.fireEvent(EventUtil.java:54)
at javafx.base@18/javafx.event.Event.fireEvent(Event.java:198)
at javafx.graphics@18/javafx.scene.Scene$MouseHandler.process(Scene.java:3881)
at javafx.graphics@18/javafx.scene.Scene.processMouseEvent(Scene.java:1874)
at javafx.graphics@18/javafx.scene.Scene$ScenePeerListener.mouseEvent(Scene.java:2607)
at javafx.graphics@18/com.sun.javafx.tk.quantum.GlassViewEventHandler$MouseEventNotification.run(GlassViewEventHandler.java:411)
at javafx.graphics@18/com.sun.javafx.tk.quantum.GlassViewEventHandler$MouseEventNotification.run(GlassViewEventHandler.java:301)
at java.base/java.security.AccessController.doPrivileged(AccessController.java:399)
at javafx.graphics@18/com.sun.javafx.tk.quantum.GlassViewEventHandler.lambda$handleMouseEvent$2(GlassViewEventHandler.java:450)
at javafx.graphics@18/com.sun.javafx.tk.quantum.QuantumToolkit.runWithoutRenderLock(QuantumToolkit.java:424)
at javafx.graphics@18/com.sun.javafx.tk.quantum.GlassViewEventHandler.handleMouseEvent(GlassViewEventHandler.java:449)
at javafx.graphics@18/com.sun.glass.ui.View.handleMouseEvent(View.java:551)
at javafx.graphics@18/com.sun.glass.ui.View.notifyMouse(View.java:937)
at javafx.graphics@18/com.sun.glass.ui.gtk.GtkApplication._runLoop(Native Method)
at javafx.graphics@18/com.sun.glass.ui.gtk.GtkApplication.lambda$runLoop$11(GtkApplication.java:316)
at java.base/java.lang.Thread.run(Thread.java:833)
... Removed 32 stack frames]]>
    </failure>
  </testcase> <!-- testAll -->
  <testcase classname="com.example.demo3.TestAPI.SignUp.Signup" name="testAll" time="1.589"/>
  <testcase classname="com.example.demo3.TestAPI.SignUp.Signup" name="testAll" time="1.38"/>
  <testcase classname="com.example.demo3.TestAPI.SignUp.Signup" name="testAll" time="1.574"/>
  <testcase classname="com.example.demo3.TestAPI.SignUp.Signup" name="testAll" time="1.539"/>
  <testcase classname="com.example.demo3.TestAPI.SignUp.Signup" name="testAll" time="1.432"/>
  <testcase classname="com.example.demo3.TestAPI.SignUp.Signup" name="testAll" time="1.626"/>
  <testcase classname="com.example.demo3.TestAPI.SignUp.Signup" name="testAll" time="1.523"/>
  <testcase classname="com.example.demo3.TestAPI.SignUp.Signup" name="testAll" time="1.439"/>
  <testcase classname="com.example.demo3.TestAPI.SignUp.Signup" name="testAll" time="1.339"/>
</testsuite> <!-- Command line test -->
