<?xml version="1.0" encoding="UTF-8"?>
<testng-results ignored="0" total="10" passed="9" failed="1" skipped="0">
  <reporter-output>
  </reporter-output>
  <suite started-at="2022-07-10T10:24:00 ICT" name="Command line suite" finished-at="2022-07-10T10:24:16 ICT" duration-ms="16408">
    <groups>
    </groups>
    <test started-at="2022-07-10T10:24:00 ICT" name="Command line test" finished-at="2022-07-10T10:24:16 ICT" duration-ms="16408">
      <class name="com.example.demo3.TestAPI.SignUp.Signup">
        <test-method signature="testAll(java.lang.String,java.lang.String,java.lang.String,java.lang.String,java.lang.String,java.lang.String,java.lang.String,java.lang.String,java.lang.String)[pri:0, instance:com.example.demo3.TestAPI.SignUp.Signup@5308c360]" started-at="2022-07-10T10:24:00 ICT" name="testAll" data-provider="SignupDataProvider" finished-at="2022-07-10T10:24:03 ICT" duration-ms="2844" status="FAIL">
          <params>
            <param index="0">
              <value>
                <![CDATA[quangnghia.ns@gmail.com]]>
              </value>
            </param>
            <param index="1">
              <value>
                <![CDATA[123456]]>
              </value>
            </param>
            <param index="2">
              <value>
                <![CDATA[123456]]>
              </value>
            </param>
            <param index="3">
              <value>
                <![CDATA[]]>
              </value>
            </param>
            <param index="4">
              <value>
                <![CDATA[Pham Quang Nghia]]>
              </value>
            </param>
            <param index="5">
              <value>
                <![CDATA[0989686201]]>
              </value>
            </param>
            <param index="6">
              <value>
                <![CDATA[C:\Users\Admin\Postman\files\image.png]]>
              </value>
            </param>
            <param index="7">
              <value>
                <![CDATA[1000]]>
              </value>
            </param>
            <param index="8">
              <value>
                <![CDATA[OK]]>
              </value>
            </param>
          </params>
          <exception class="java.lang.AssertionError">
            <message>
              <![CDATA[expected [true] but found [false]]]>
            </message>
            <full-stacktrace>
              <![CDATA[java.lang.AssertionError: expected [true] but found [false]
at org.testng@7.6.0/org.testng.Assert.fail(Assert.java:110)
at org.testng@7.6.0/org.testng.Assert.failNotEquals(Assert.java:1413)
at org.testng@7.6.0/org.testng.Assert.assertTrue(Assert.java:56)
at org.testng@7.6.0/org.testng.Assert.assertTrue(Assert.java:66)
at com.example.demo/com.example.demo3.TestAPI.SignUp.Signup.testAll(Signup.java:53)
at java.base/jdk.internal.reflect.DirectMethodHandleAccessor.invoke(DirectMethodHandleAccessor.java:104)
at java.base/java.lang.reflect.Method.invoke(Method.java:577)
at org.testng@7.6.0/org.testng.internal.invokers.MethodInvocationHelper.invokeMethod(MethodInvocationHelper.java:139)
at org.testng@7.6.0/org.testng.internal.invokers.TestInvoker.invokeMethod(TestInvoker.java:677)
at org.testng@7.6.0/org.testng.internal.invokers.TestInvoker.invokeTestMethod(TestInvoker.java:221)
at org.testng@7.6.0/org.testng.internal.invokers.MethodRunner.runInSequence(MethodRunner.java:50)
at org.testng@7.6.0/org.testng.internal.invokers.TestInvoker$MethodInvocationAgent.invoke(TestInvoker.java:962)
at org.testng@7.6.0/org.testng.internal.invokers.TestInvoker.invokeTestMethods(TestInvoker.java:194)
at org.testng@7.6.0/org.testng.internal.invokers.TestMethodWorker.invokeTestMethods(TestMethodWorker.java:148)
at org.testng@7.6.0/org.testng.internal.invokers.TestMethodWorker.run(TestMethodWorker.java:128)
at java.base/java.util.ArrayList.forEach(ArrayList.java:1511)
at org.testng@7.6.0/org.testng.TestRunner.privateRun(TestRunner.java:806)
at org.testng@7.6.0/org.testng.TestRunner.run(TestRunner.java:601)
at org.testng@7.6.0/org.testng.SuiteRunner.runTest(SuiteRunner.java:433)
at org.testng@7.6.0/org.testng.SuiteRunner.runSequentially(SuiteRunner.java:427)
at org.testng@7.6.0/org.testng.SuiteRunner.privateRun(SuiteRunner.java:387)
at org.testng@7.6.0/org.testng.SuiteRunner.run(SuiteRunner.java:330)
at org.testng@7.6.0/org.testng.SuiteRunnerWorker.runSuite(SuiteRunnerWorker.java:52)
at org.testng@7.6.0/org.testng.SuiteRunnerWorker.run(SuiteRunnerWorker.java:95)
at org.testng@7.6.0/org.testng.TestNG.runSuitesSequentially(TestNG.java:1256)
at org.testng@7.6.0/org.testng.TestNG.runSuitesLocally(TestNG.java:1176)
at org.testng@7.6.0/org.testng.TestNG.runSuites(TestNG.java:1099)
at org.testng@7.6.0/org.testng.TestNG.run(TestNG.java:1067)
at com.example.demo/com.example.demo3.Controller.Controller.SelectAll(Controller.java:1392)
at java.base/jdk.internal.reflect.DirectMethodHandleAccessor.invoke(DirectMethodHandleAccessor.java:104)
at java.base/java.lang.reflect.Method.invoke(Method.java:577)
at com.sun.javafx.reflect.Trampoline.invoke(MethodUtil.java:77)
at java.base/jdk.internal.reflect.DirectMethodHandleAccessor.invoke(DirectMethodHandleAccessor.java:104)
at java.base/java.lang.reflect.Method.invoke(Method.java:577)
at javafx.base@18/com.sun.javafx.reflect.MethodUtil.invoke(MethodUtil.java:275)
at javafx.fxml@18/com.sun.javafx.fxml.MethodHelper.invoke(MethodHelper.java:84)
at javafx.fxml@18/javafx.fxml.FXMLLoader$MethodHandler.invoke(FXMLLoader.java:1852)
at javafx.fxml@18/javafx.fxml.FXMLLoader$ControllerMethodEventHandler.handle(FXMLLoader.java:1724)
at javafx.base@18/com.sun.javafx.event.CompositeEventHandler.dispatchBubblingEvent(CompositeEventHandler.java:86)
at javafx.base@18/com.sun.javafx.event.EventHandlerManager.dispatchBubblingEvent(EventHandlerManager.java:234)
at javafx.base@18/com.sun.javafx.event.EventHandlerManager.dispatchBubblingEvent(EventHandlerManager.java:191)
at javafx.base@18/com.sun.javafx.event.CompositeEventDispatcher.dispatchBubblingEvent(CompositeEventDispatcher.java:59)
at javafx.base@18/com.sun.javafx.event.BasicEventDispatcher.dispatchEvent(BasicEventDispatcher.java:58)
at javafx.base@18/com.sun.javafx.event.EventDispatchChainImpl.dispatchEvent(EventDispatchChainImpl.java:114)
at javafx.base@18/com.sun.javafx.event.BasicEventDispatcher.dispatchEvent(BasicEventDispatcher.java:56)
at javafx.base@18/com.sun.javafx.event.EventDispatchChainImpl.dispatchEvent(EventDispatchChainImpl.java:114)
at javafx.base@18/com.sun.javafx.event.BasicEventDispatcher.dispatchEvent(BasicEventDispatcher.java:56)
at javafx.base@18/com.sun.javafx.event.EventDispatchChainImpl.dispatchEvent(EventDispatchChainImpl.java:114)
at javafx.base@18/com.sun.javafx.event.EventUtil.fireEventImpl(EventUtil.java:74)
at javafx.base@18/com.sun.javafx.event.EventUtil.fireEvent(EventUtil.java:49)
at javafx.base@18/javafx.event.Event.fireEvent(Event.java:198)
at javafx.graphics@18/javafx.scene.Node.fireEvent(Node.java:8797)
at javafx.controls@18/javafx.scene.control.Button.fire(Button.java:203)
at javafx.controls@18/com.sun.javafx.scene.control.behavior.ButtonBehavior.mouseReleased(ButtonBehavior.java:208)
at javafx.controls@18/com.sun.javafx.scene.control.inputmap.InputMap.handle(InputMap.java:274)
at javafx.base@18/com.sun.javafx.event.CompositeEventHandler$NormalEventHandlerRecord.handleBubblingEvent(CompositeEventHandler.java:247)
at javafx.base@18/com.sun.javafx.event.CompositeEventHandler.dispatchBubblingEvent(CompositeEventHandler.java:80)
at javafx.base@18/com.sun.javafx.event.EventHandlerManager.dispatchBubblingEvent(EventHandlerManager.java:234)
at javafx.base@18/com.sun.javafx.event.EventHandlerManager.dispatchBubblingEvent(EventHandlerManager.java:191)
at javafx.base@18/com.sun.javafx.event.CompositeEventDispatcher.dispatchBubblingEvent(CompositeEventDispatcher.java:59)
at javafx.base@18/com.sun.javafx.event.BasicEventDispatcher.dispatchEvent(BasicEventDispatcher.java:58)
at javafx.base@18/com.sun.javafx.event.EventDispatchChainImpl.dispatchEvent(EventDispatchChainImpl.java:114)
at javafx.base@18/com.sun.javafx.event.BasicEventDispatcher.dispatchEvent(BasicEventDispatcher.java:56)
at javafx.base@18/com.sun.javafx.event.EventDispatchChainImpl.dispatchEvent(EventDispatchChainImpl.java:114)
at javafx.base@18/com.sun.javafx.event.BasicEventDispatcher.dispatchEvent(BasicEventDispatcher.java:56)
at javafx.base@18/com.sun.javafx.event.EventDispatchChainImpl.dispatchEvent(EventDispatchChainImpl.java:114)
at javafx.base@18/com.sun.javafx.event.EventUtil.fireEventImpl(EventUtil.java:74)
at javafx.base@18/com.sun.javafx.event.EventUtil.fireEvent(EventUtil.java:54)
at javafx.base@18/javafx.event.Event.fireEvent(Event.java:198)
at javafx.graphics@18/javafx.scene.Scene$MouseHandler.process(Scene.java:3881)
at javafx.graphics@18/javafx.scene.Scene.processMouseEvent(Scene.java:1874)
at javafx.graphics@18/javafx.scene.Scene$ScenePeerListener.mouseEvent(Scene.java:2607)
at javafx.graphics@18/com.sun.javafx.tk.quantum.GlassViewEventHandler$MouseEventNotification.run(GlassViewEventHandler.java:411)
at javafx.graphics@18/com.sun.javafx.tk.quantum.GlassViewEventHandler$MouseEventNotification.run(GlassViewEventHandler.java:301)
at java.base/java.security.AccessController.doPrivileged(AccessController.java:399)
at javafx.graphics@18/com.sun.javafx.tk.quantum.GlassViewEventHandler.lambda$handleMouseEvent$2(GlassViewEventHandler.java:450)
at javafx.graphics@18/com.sun.javafx.tk.quantum.QuantumToolkit.runWithoutRenderLock(QuantumToolkit.java:424)
at javafx.graphics@18/com.sun.javafx.tk.quantum.GlassViewEventHandler.handleMouseEvent(GlassViewEventHandler.java:449)
at javafx.graphics@18/com.sun.glass.ui.View.handleMouseEvent(View.java:551)
at javafx.graphics@18/com.sun.glass.ui.View.notifyMouse(View.java:937)
at javafx.graphics@18/com.sun.glass.ui.gtk.GtkApplication._runLoop(Native Method)
at javafx.graphics@18/com.sun.glass.ui.gtk.GtkApplication.lambda$runLoop$11(GtkApplication.java:316)
at java.base/java.lang.Thread.run(Thread.java:833)
]]>
            </full-stacktrace>
          </exception> <!-- java.lang.AssertionError -->
          <reporter-output>
          </reporter-output>
        </test-method> <!-- testAll -->
        <test-method signature="testAll(java.lang.String,java.lang.String,java.lang.String,java.lang.String,java.lang.String,java.lang.String,java.lang.String,java.lang.String,java.lang.String)[pri:0, instance:com.example.demo3.TestAPI.SignUp.Signup@5308c360]" started-at="2022-07-10T10:24:03 ICT" name="testAll" data-provider="SignupDataProvider" finished-at="2022-07-10T10:24:04 ICT" duration-ms="1589" status="PASS">
          <params>
            <param index="0">
              <value>
                <![CDATA[jfajfwaaf@gmail.com]]>
              </value>
            </param>
            <param index="1">
              <value>
                <![CDATA[1234566]]>
              </value>
            </param>
            <param index="2">
              <value>
                <![CDATA[1234566]]>
              </value>
            </param>
            <param index="3">
              <value>
                <![CDATA[H hehe]]>
              </value>
            </param>
            <param index="4">
              <value>
                <![CDATA[TR mh Hi]]>
              </value>
            </param>
            <param index="5">
              <value>
                <![CDATA[3568663]]>
              </value>
            </param>
            <param index="6">
              <value>
                <![CDATA[C:\Users\Admin\Postman\files\image.png]]>
              </value>
            </param>
            <param index="7">
              <value>
                <![CDATA[1001]]>
              </value>
            </param>
            <param index="8">
              <value>
                <![CDATA[name: &phone: &address: &email: 7004&password: &re_pass:  &avatar: ]]>
              </value>
            </param>
          </params>
          <reporter-output>
          </reporter-output>
        </test-method> <!-- testAll -->
        <test-method signature="testAll(java.lang.String,java.lang.String,java.lang.String,java.lang.String,java.lang.String,java.lang.String,java.lang.String,java.lang.String,java.lang.String)[pri:0, instance:com.example.demo3.TestAPI.SignUp.Signup@5308c360]" started-at="2022-07-10T10:24:04 ICT" name="testAll" data-provider="SignupDataProvider" finished-at="2022-07-10T10:24:06 ICT" duration-ms="1380" status="PASS">
          <params>
            <param index="0">
              <value>
                <![CDATA[quangnghia.ns@gmail.com]]>
              </value>
            </param>
            <param index="1">
              <value>
                <![CDATA[123456]]>
              </value>
            </param>
            <param index="2">
              <value>
                <![CDATA[]]>
              </value>
            </param>
            <param index="3">
              <value>
                <![CDATA[]]>
              </value>
            </param>
            <param index="4">
              <value>
                <![CDATA[dadvakvvaklvdavnvadvdkkdsaviawhfaifdasjadilvdajoipfjeiowajvdjajdajvjdavklnknknknkav avvdalalkvkvd avdsasvd jajvljldajvlda vdskalv dklavdfdsdvdsvdvsdvdsvdsvsvvdv sahjkvadnvjdnavjdnjvknkvajndvjkanvlkjdnfajvncjkvnaknvdjnavjndlavdnjalvnjdnavndjkanvjdnavljaknvdnlakjvldnalvkjdnlkanvldavnckanvljkdanvjkdnajkvndajkvnjkdanvjkdnavndlavnldavnjdnvkjdanv]]>
              </value>
            </param>
            <param index="5">
              <value>
                <![CDATA[0989686201]]>
              </value>
            </param>
            <param index="6">
              <value>
                <![CDATA[ ]]>
              </value>
            </param>
            <param index="7">
              <value>
                <![CDATA[1001]]>
              </value>
            </param>
            <param index="8">
              <value>
                <![CDATA[name: 7001&phone: &address: &email: 7004&password: &re_pass: 7000 &avatar: ]]>
              </value>
            </param>
          </params>
          <reporter-output>
          </reporter-output>
        </test-method> <!-- testAll -->
        <test-method signature="testAll(java.lang.String,java.lang.String,java.lang.String,java.lang.String,java.lang.String,java.lang.String,java.lang.String,java.lang.String,java.lang.String)[pri:0, instance:com.example.demo3.TestAPI.SignUp.Signup@5308c360]" started-at="2022-07-10T10:24:06 ICT" name="testAll" data-provider="SignupDataProvider" finished-at="2022-07-10T10:24:07 ICT" duration-ms="1574" status="PASS">
          <params>
            <param index="0">
              <value>
                <![CDATA[dadvakvvaklvdavnvadvdkkdsaviawhfaifdasjadilvdajoipfjeiowajvdjajdajvjdavklnknknknkav avvdalalkvkvd avdsasvd jajvljldajvlda vdskalv dklavdfdsdvdsvdvsdvdsvdsvsvvdv sahjkvadnvjdnavjdnjvknkvajndvjkanvlkjdnfajvncjkvnaknvdjnavjndlavdnjalvnjdnavndjkanvjdnavljaknvdnlakjvldnalvkjdnlkanvldavnckanvljkdanvjkdnajkvndajkvnjkdanvjkdnavndlavnldavnjdnvkjdanv]]>
              </value>
            </param>
            <param index="1">
              <value>
                <![CDATA[123456]]>
              </value>
            </param>
            <param index="2">
              <value>
                <![CDATA[123456]]>
              </value>
            </param>
            <param index="3">
              <value>
                <![CDATA[]]>
              </value>
            </param>
            <param index="4">
              <value>
                <![CDATA[Pham Quang Nghia]]>
              </value>
            </param>
            <param index="5">
              <value>
                <![CDATA[0989686201]]>
              </value>
            </param>
            <param index="6">
              <value>
                <![CDATA[]]>
              </value>
            </param>
            <param index="7">
              <value>
                <![CDATA[1001]]>
              </value>
            </param>
            <param index="8">
              <value>
                <![CDATA[name: &phone: &address: &email: 7002&password: &re_pass:  &avatar: ]]>
              </value>
            </param>
          </params>
          <reporter-output>
          </reporter-output>
        </test-method> <!-- testAll -->
        <test-method signature="testAll(java.lang.String,java.lang.String,java.lang.String,java.lang.String,java.lang.String,java.lang.String,java.lang.String,java.lang.String,java.lang.String)[pri:0, instance:com.example.demo3.TestAPI.SignUp.Signup@5308c360]" started-at="2022-07-10T10:24:07 ICT" name="testAll" data-provider="SignupDataProvider" finished-at="2022-07-10T10:24:09 ICT" duration-ms="1539" status="PASS">
          <params>
            <param index="0">
              <value>
                <![CDATA[quangnghia]]>
              </value>
            </param>
            <param index="1">
              <value>
                <![CDATA[123456]]>
              </value>
            </param>
            <param index="2">
              <value>
                <![CDATA[123456]]>
              </value>
            </param>
            <param index="3">
              <value>
                <![CDATA[]]>
              </value>
            </param>
            <param index="4">
              <value>
                <![CDATA[Pham Quang Nghia]]>
              </value>
            </param>
            <param index="5">
              <value>
                <![CDATA[0989686201]]>
              </value>
            </param>
            <param index="6">
              <value>
                <![CDATA[]]>
              </value>
            </param>
            <param index="7">
              <value>
                <![CDATA[1001]]>
              </value>
            </param>
            <param index="8">
              <value>
                <![CDATA[name: &phone: &address: &email: 7002&password: &re_pass:  &avatar: ]]>
              </value>
            </param>
          </params>
          <reporter-output>
          </reporter-output>
        </test-method> <!-- testAll -->
        <test-method signature="testAll(java.lang.String,java.lang.String,java.lang.String,java.lang.String,java.lang.String,java.lang.String,java.lang.String,java.lang.String,java.lang.String)[pri:0, instance:com.example.demo3.TestAPI.SignUp.Signup@5308c360]" started-at="2022-07-10T10:24:09 ICT" name="testAll" data-provider="SignupDataProvider" finished-at="2022-07-10T10:24:10 ICT" duration-ms="1432" status="PASS">
          <params>
            <param index="0">
              <value>
                <![CDATA[quangnghia@gmail.com]]>
              </value>
            </param>
            <param index="1">
              <value>
                <![CDATA[123456]]>
              </value>
            </param>
            <param index="2">
              <value>
                <![CDATA[123]]>
              </value>
            </param>
            <param index="3">
              <value>
                <![CDATA[]]>
              </value>
            </param>
            <param index="4">
              <value>
                <![CDATA[Pham Quang Nghia]]>
              </value>
            </param>
            <param index="5">
              <value>
                <![CDATA[0989686201]]>
              </value>
            </param>
            <param index="6">
              <value>
                <![CDATA[]]>
              </value>
            </param>
            <param index="7">
              <value>
                <![CDATA[1001]]>
              </value>
            </param>
            <param index="8">
              <value>
                <![CDATA[name: &phone: &address: &email: 7004&password: &re_pass: 7003 &avatar: ]]>
              </value>
            </param>
          </params>
          <reporter-output>
          </reporter-output>
        </test-method> <!-- testAll -->
        <test-method signature="testAll(java.lang.String,java.lang.String,java.lang.String,java.lang.String,java.lang.String,java.lang.String,java.lang.String,java.lang.String,java.lang.String)[pri:0, instance:com.example.demo3.TestAPI.SignUp.Signup@5308c360]" started-at="2022-07-10T10:24:10 ICT" name="testAll" data-provider="SignupDataProvider" finished-at="2022-07-10T10:24:12 ICT" duration-ms="1626" status="PASS">
          <params>
            <param index="0">
              <value>
                <![CDATA[quangnghia@gmail.com]]>
              </value>
            </param>
            <param index="1">
              <value>
                <![CDATA[123456]]>
              </value>
            </param>
            <param index="2">
              <value>
                <![CDATA[123456]]>
              </value>
            </param>
            <param index="3">
              <value>
                <![CDATA[dadvakvvaklvdavnvadvdkkdsaviawhfaifdasjadilvdajoipfjeiowajvdjajdajvjdavklnknknknkav avvdalalkvkvd avdsasvd jajvljldajvlda vdskalv dklavdfdsdvdsvdvsdvdsvdsvsvvdv sahjkvadnvjdnavjdnjvknkvajndvjkanvlkjdnfajvncjkvnaknvdjnavjndlavdnjalvnjdnavndjkanvjdnavljaknvdnlakjvldnalvkjdnlkanvldavnckanvljkdanvjkdnajkvndajkvnjkdanvjkdnavndlavnldavnjdnvkjdanv]]>
              </value>
            </param>
            <param index="4">
              <value>
                <![CDATA[Pham Quang Nghia]]>
              </value>
            </param>
            <param index="5">
              <value>
                <![CDATA[0989686201]]>
              </value>
            </param>
            <param index="6">
              <value>
                <![CDATA[]]>
              </value>
            </param>
            <param index="7">
              <value>
                <![CDATA[1001]]>
              </value>
            </param>
            <param index="8">
              <value>
                <![CDATA[name: &phone: &address: 7001&email: 7004&password: &re_pass:  &avatar: ]]>
              </value>
            </param>
          </params>
          <reporter-output>
          </reporter-output>
        </test-method> <!-- testAll -->
        <test-method signature="testAll(java.lang.String,java.lang.String,java.lang.String,java.lang.String,java.lang.String,java.lang.String,java.lang.String,java.lang.String,java.lang.String)[pri:0, instance:com.example.demo3.TestAPI.SignUp.Signup@5308c360]" started-at="2022-07-10T10:24:12 ICT" name="testAll" data-provider="SignupDataProvider" finished-at="2022-07-10T10:24:13 ICT" duration-ms="1523" status="PASS">
          <params>
            <param index="0">
              <value>
                <![CDATA[quangnghia@gmail.com]]>
              </value>
            </param>
            <param index="1">
              <value>
                <![CDATA[123456]]>
              </value>
            </param>
            <param index="2">
              <value>
                <![CDATA[123456]]>
              </value>
            </param>
            <param index="3">
              <value>
                <![CDATA[]]>
              </value>
            </param>
            <param index="4">
              <value>
                <![CDATA[Pham Quang Nghia]]>
              </value>
            </param>
            <param index="5">
              <value>
                <![CDATA[dadvakvvaklvdavnvadvdkkdsaviawhfaifdasjadilvdajoipfjeiowajvdjajdajvjdavklnknknknkav avvdalalkvkvd avdsasvd jajvljldajvlda vdskalv dklavdfdsdvdsvdvsdvdsvdsvsvvdv sahjkvadnvjdnavjdnjvknkvajndvjkanvlkjdnfajvncjkvnaknvdjnavjndlavdnjalvnjdnavndjkanvjdnavljaknvdnlakjvldnalvkjdnlkanvldavnckanvljkdanvjkdnajkvndajkvnjkdanvjkdnavndlavnldavnjdnvkjdanv]]>
              </value>
            </param>
            <param index="6">
              <value>
                <![CDATA[ ]]>
              </value>
            </param>
            <param index="7">
              <value>
                <![CDATA[1001]]>
              </value>
            </param>
            <param index="8">
              <value>
                <![CDATA[name: &phone: The phone format is invalid.&address: &email: 7004&password: &re_pass:  &avatar: ]]>
              </value>
            </param>
          </params>
          <reporter-output>
          </reporter-output>
        </test-method> <!-- testAll -->
        <test-method signature="testAll(java.lang.String,java.lang.String,java.lang.String,java.lang.String,java.lang.String,java.lang.String,java.lang.String,java.lang.String,java.lang.String)[pri:0, instance:com.example.demo3.TestAPI.SignUp.Signup@5308c360]" started-at="2022-07-10T10:24:13 ICT" name="testAll" data-provider="SignupDataProvider" finished-at="2022-07-10T10:24:15 ICT" duration-ms="1439" status="PASS">
          <params>
            <param index="0">
              <value>
                <![CDATA[quangnghia@gmail.com]]>
              </value>
            </param>
            <param index="1">
              <value>
                <![CDATA[dadvakvvaklvdavnvadvdkkdsaviawhfaifdasjadilvdajoipfjeiowajvdjajdajvjdavklnknknknkav avvdalalkvkvd avdsasvd jajvljldajvlda vdskalv dklavdfdsdvdsvdvsdvdsvdsvsvvdv sahjkvadnvjdnavjdnjvknkvajndvjkanvlkjdnfajvncjkvnaknvdjnavjndlavdnjalvnjdnavndjkanvjdnavljaknvdnlakjvldnalvkjdnlkanvldavnckanvljkdanvjkdnajkvndajkvnjkdanvjkdnavndlavnldavnjdnvkjdanv]]>
              </value>
            </param>
            <param index="2">
              <value>
                <![CDATA[dadvakvvaklvdavnvadvdkkdsaviawhfaifdasjadilvdajoipfjeiowajvdjajdajvjdavklnknknknkav avvdalalkvkvd avdsasvd jajvljldajvlda vdskalv dklavdfdsdvdsvdvsdvdsvdsvsvvdv sahjkvadnvjdnavjdnjvknkvajndvjkanvlkjdnfajvncjkvnaknvdjnavjndlavdnjalvnjdnavndjkanvjdnavljaknvdnlakjvldnalvkjdnlkanvldavnckanvljkdanvjkdnajkvndajkvnjkdanvjkdnavndlavnldavnjdnvkjdanv]]>
              </value>
            </param>
            <param index="3">
              <value>
                <![CDATA[ ]]>
              </value>
            </param>
            <param index="4">
              <value>
                <![CDATA[Pham Quang Nghia]]>
              </value>
            </param>
            <param index="5">
              <value>
                <![CDATA[0989686201]]>
              </value>
            </param>
            <param index="6">
              <value>
                <![CDATA[]]>
              </value>
            </param>
            <param index="7">
              <value>
                <![CDATA[1001]]>
              </value>
            </param>
            <param index="8">
              <value>
                <![CDATA[name: &phone: &address: &email: 7004&password: 7001&re_pass: 7001 &avatar: ]]>
              </value>
            </param>
          </params>
          <reporter-output>
          </reporter-output>
        </test-method> <!-- testAll -->
        <test-method signature="testAll(java.lang.String,java.lang.String,java.lang.String,java.lang.String,java.lang.String,java.lang.String,java.lang.String,java.lang.String,java.lang.String)[pri:0, instance:com.example.demo3.TestAPI.SignUp.Signup@5308c360]" started-at="2022-07-10T10:24:15 ICT" name="testAll" data-provider="SignupDataProvider" finished-at="2022-07-10T10:24:16 ICT" duration-ms="1339" status="PASS">
          <params>
            <param index="0">
              <value>
                <![CDATA[]]>
              </value>
            </param>
            <param index="1">
              <value>
                <![CDATA[]]>
              </value>
            </param>
            <param index="2">
              <value>
                <![CDATA[]]>
              </value>
            </param>
            <param index="3">
              <value>
                <![CDATA[]]>
              </value>
            </param>
            <param index="4">
              <value>
                <![CDATA[]]>
              </value>
            </param>
            <param index="5">
              <value>
                <![CDATA[]]>
              </value>
            </param>
            <param index="6">
              <value>
                <![CDATA[]]>
              </value>
            </param>
            <param index="7">
              <value>
                <![CDATA[1001]]>
              </value>
            </param>
            <param index="8">
              <value>
                <![CDATA[name: 7000&phone: 7000&address: &email: 7000&password: 7000&re_pass:  &avatar: ]]>
              </value>
            </param>
          </params>
          <reporter-output>
          </reporter-output>
        </test-method> <!-- testAll -->
      </class> <!-- com.example.demo3.TestAPI.SignUp.Signup -->
    </test> <!-- Command line test -->
  </suite> <!-- Command line suite -->
</testng-results>
